2025-05-08 00:18:41,528 INFO HTTP Request: POST https://api.telegram.org/bot7469412692:AAESt3lHaGCcldrOwNJdXcTq4g9badbgwBE/getMe "HTTP/1.1 200 OK"
2025-05-08 00:18:41,561 INFO HTTP Request: POST https://api.telegram.org/bot7469412692:AAESt3lHaGCcldrOwNJdXcTq4g9badbgwBE/deleteWebhook "HTTP/1.1 200 OK"
2025-05-08 00:18:41,562 INFO Application started
2025-05-08 00:18:51,699 INFO HTTP Request: POST https://api.telegram.org/bot7469412692:AAESt3lHaGCcldrOwNJdXcTq4g9badbgwBE/getUpdates "HTTP/1.1 200 OK"
2025-05-08 00:18:53,158 INFO HTTP Request: POST https://api.telegram.org/bot7469412692:AAESt3lHaGCcldrOwNJdXcTq4g9badbgwBE/getUpdates "HTTP/1.1 200 OK"
2025-05-08 00:18:53,318 INFO HTTP Request: POST https://api.telegram.org/bot7469412692:AAESt3lHaGCcldrOwNJdXcTq4g9badbgwBE/sendMessage "HTTP/1.1 200 OK"
2025-05-08 00:18:57,874 INFO HTTP Request: POST https://api.telegram.org/bot7469412692:AAESt3lHaGCcldrOwNJdXcTq4g9badbgwBE/getUpdates "HTTP/1.1 200 OK"
2025-05-08 00:18:57,929 INFO HTTP Request: POST https://api.telegram.org/bot7469412692:AAESt3lHaGCcldrOwNJdXcTq4g9badbgwBE/sendMessage "HTTP/1.1 200 OK"
2025-05-08 00:19:07,922 INFO HTTP Request: POST https://api.telegram.org/bot7469412692:AAESt3lHaGCcldrOwNJdXcTq4g9badbgwBE/getUpdates "HTTP/1.1 200 OK"
2025-05-08 00:19:17,964 INFO HTTP Request: POST https://api.telegram.org/bot7469412692:AAESt3lHaGCcldrOwNJdXcTq4g9badbgwBE/getUpdates "HTTP/1.1 200 OK"
2025-05-08 00:19:20,567 INFO HTTP Request: POST https://api.telegram.org/bot7469412692:AAESt3lHaGCcldrOwNJdXcTq4g9badbgwBE/getUpdates "HTTP/1.1 200 OK"
2025-05-08 00:19:20,569 INFO User 1285593934 add url: https://www.olx.pl/nieruchomosci/mieszkania/wynajem/warszawa/?search%5Bfilter_float_price:to%5D=2500&search%5Bfilter_enum_rooms%5D%5B0%5D=one — Url додано!
2025-05-08 00:19:20,716 INFO HTTP Request: POST https://api.telegram.org/bot7469412692:AAESt3lHaGCcldrOwNJdXcTq4g9badbgwBE/sendMessage "HTTP/1.1 200 OK"
2025-05-08 00:19:30,614 INFO HTTP Request: POST https://api.telegram.org/bot7469412692:AAESt3lHaGCcldrOwNJdXcTq4g9badbgwBE/getUpdates "HTTP/1.1 200 OK"
2025-05-08 00:19:40,657 INFO HTTP Request: POST https://api.telegram.org/bot7469412692:AAESt3lHaGCcldrOwNJdXcTq4g9badbgwBE/getUpdates "HTTP/1.1 200 OK"
2025-05-08 00:19:42,917 INFO HTTP Request: POST https://api.telegram.org/bot7469412692:AAESt3lHaGCcldrOwNJdXcTq4g9badbgwBE/getUpdates "HTTP/1.1 200 OK"
2025-05-08 00:19:43,062 INFO HTTP Request: POST https://api.telegram.org/bot7469412692:AAESt3lHaGCcldrOwNJdXcTq4g9badbgwBE/sendMessage "HTTP/1.1 200 OK"
2025-05-08 00:19:52,962 INFO HTTP Request: POST https://api.telegram.org/bot7469412692:AAESt3lHaGCcldrOwNJdXcTq4g9badbgwBE/getUpdates "HTTP/1.1 200 OK"
2025-05-08 00:20:03,008 INFO HTTP Request: POST https://api.telegram.org/bot7469412692:AAESt3lHaGCcldrOwNJdXcTq4g9badbgwBE/getUpdates "HTTP/1.1 200 OK"
2025-05-08 00:20:13,049 INFO HTTP Request: POST https://api.telegram.org/bot7469412692:AAESt3lHaGCcldrOwNJdXcTq4g9badbgwBE/getUpdates "HTTP/1.1 200 OK"
2025-05-08 00:20:23,092 INFO HTTP Request: POST https://api.telegram.org/bot7469412692:AAESt3lHaGCcldrOwNJdXcTq4g9badbgwBE/getUpdates "HTTP/1.1 200 OK"
2025-05-08 00:20:23,196 INFO HTTP Request: POST https://api.telegram.org/bot7469412692:AAESt3lHaGCcldrOwNJdXcTq4g9badbgwBE/getUpdates "HTTP/1.1 200 OK"
2025-05-08 00:20:23,198 INFO User 1285593934 change settings https://www.olx.pl/nieruchomosci/mieszkania/wynajem/warszawa/?search%5Bfilter_float_price:to%5D=2500&search%5Bfilter_enum_rooms%5D%5B0%5D=one freq 5
2025-05-08 00:20:23,387 INFO HTTP Request: POST https://api.telegram.org/bot7469412692:AAESt3lHaGCcldrOwNJdXcTq4g9badbgwBE/sendMessage "HTTP/1.1 200 OK"
2025-05-08 00:20:33,235 INFO HTTP Request: POST https://api.telegram.org/bot7469412692:AAESt3lHaGCcldrOwNJdXcTq4g9badbgwBE/getUpdates "HTTP/1.1 200 OK"
2025-05-08 00:20:43,276 INFO HTTP Request: POST https://api.telegram.org/bot7469412692:AAESt3lHaGCcldrOwNJdXcTq4g9badbgwBE/getUpdates "HTTP/1.1 200 OK"
2025-05-08 00:20:46,436 INFO HTTP Request: POST https://api.telegram.org/bot7469412692:AAESt3lHaGCcldrOwNJdXcTq4g9badbgwBE/getUpdates "HTTP/1.1 200 OK"
2025-05-08 00:20:46,591 INFO HTTP Request: POST https://api.telegram.org/bot7469412692:AAESt3lHaGCcldrOwNJdXcTq4g9badbgwBE/sendMessage "HTTP/1.1 200 OK"
2025-05-08 00:20:56,482 INFO HTTP Request: POST https://api.telegram.org/bot7469412692:AAESt3lHaGCcldrOwNJdXcTq4g9badbgwBE/getUpdates "HTTP/1.1 200 OK"
2025-05-08 00:21:06,522 INFO HTTP Request: POST https://api.telegram.org/bot7469412692:AAESt3lHaGCcldrOwNJdXcTq4g9badbgwBE/getUpdates "HTTP/1.1 200 OK"
2025-05-08 00:21:16,562 INFO HTTP Request: POST https://api.telegram.org/bot7469412692:AAESt3lHaGCcldrOwNJdXcTq4g9badbgwBE/getUpdates "HTTP/1.1 200 OK"
2025-05-08 00:21:26,603 INFO HTTP Request: POST https://api.telegram.org/bot7469412692:AAESt3lHaGCcldrOwNJdXcTq4g9badbgwBE/getUpdates "HTTP/1.1 200 OK"
2025-05-08 00:21:36,648 INFO HTTP Request: POST https://api.telegram.org/bot7469412692:AAESt3lHaGCcldrOwNJdXcTq4g9badbgwBE/getUpdates "HTTP/1.1 200 OK"
2025-05-08 00:21:46,697 INFO HTTP Request: POST https://api.telegram.org/bot7469412692:AAESt3lHaGCcldrOwNJdXcTq4g9badbgwBE/getUpdates "HTTP/1.1 200 OK"
2025-05-08 00:21:56,762 INFO HTTP Request: POST https://api.telegram.org/bot7469412692:AAESt3lHaGCcldrOwNJdXcTq4g9badbgwBE/getUpdates "HTTP/1.1 200 OK"
